# JRE version: OpenJDK Runtime Environment (16.0.2+7) (build 16.0.2+7-67)
# Java VM: OpenJDK 64-Bit Server VM (16.0.2+7-67, mixed mode, tiered, compressed oops, compressed class ptrs, g1 gc, windows-amd64)
GC Precious Log:
 CPUs: 4 total, 4 available
 Memory: 8070M
 Large Page Support: Disabled
 NUMA Support: Disabled
 Compressed Oops: Enabled (32-bit)
 Heap Region Size: 1M
 Heap Min Capacity: 8M
 Heap Initial Capacity: 128M
 Heap Max Capacity: 2018M
 Pre-touch: Disabled
 Parallel Workers: 4
 Concurrent Workers: 1
 Concurrent Refinement Workers: 4
 Periodic GC: Disabled
Heap:
 garbage-first heap   total 536576K, used 310463K [0x0000000081e00000, 0x0000000100000000)
  region size 1024K, 1 young (1024K), 1 survivors (1024K)
 Metaspace       used 14601K, committed 14848K, reserved 1064960K
  class space    used 1411K, committed 1536K, reserved 1048576K
GC Heap History (16 events):
Event: 1.157 GC heap before
{Heap before GC invocations=0 (full 0):
 garbage-first heap   total 131072K, used 13312K [0x0000000081e00000, 0x0000000100000000)
  region size 1024K, 13 young (13312K), 0 survivors (0K)
 Metaspace       used 14547K, committed 14784K, reserved 1064960K
  class space    used 1409K, committed 1536K, reserved 1048576K
}
Event: 1.164 GC heap after
{Heap after GC invocations=1 (full 0):
 garbage-first heap   total 131072K, used 3162K [0x0000000081e00000, 0x0000000100000000)
  region size 1024K, 2 young (2048K), 2 survivors (2048K)
 Metaspace       used 14547K, committed 14784K, reserved 1064960K
  class space    used 1409K, committed 1536K, reserved 1048576K
}
Event: 1.332 GC heap before
{Heap before GC invocations=1 (full 0):
 garbage-first heap   total 131072K, used 65626K [0x0000000081e00000, 0x0000000100000000)
  region size 1024K, 16 young (16384K), 2 survivors (2048K)
 Metaspace       used 14593K, committed 14848K, reserved 1064960K
  class space    used 1409K, committed 1536K, reserved 1048576K
}
Event: 1.396 GC heap after
{Heap after GC invocations=2 (full 0):
 garbage-first heap   total 131072K, used 52694K [0x0000000081e00000, 0x0000000100000000)
  region size 1024K, 1 young (1024K), 1 survivors (1024K)
 Metaspace       used 14593K, committed 14848K, reserved 1064960K
  class space    used 1409K, committed 1536K, reserved 1048576K
}
Event: 1.404 GC heap before
{Heap before GC invocations=2 (full 0):
 garbage-first heap   total 131072K, used 56790K [0x0000000081e00000, 0x0000000100000000)
  region size 1024K, 6 young (6144K), 1 survivors (1024K)
 Metaspace       used 14596K, committed 14848K, reserved 1064960K
  class space    used 1409K, committed 1536K, reserved 1048576K
}
Event: 1.406 GC heap after
{Heap after GC invocations=3 (full 0):
 garbage-first heap   total 131072K, used 52453K [0x0000000081e00000, 0x0000000100000000)
  region size 1024K, 1 young (1024K), 1 survivors (1024K)
 Metaspace       used 14596K, committed 14848K, reserved 1064960K
  class space    used 1409K, committed 1536K, reserved 1048576K
}
Event: 1.452 GC heap before
{Heap before GC invocations=3 (full 0):
 garbage-first heap   total 131072K, used 81125K [0x0000000081e00000, 0x0000000100000000)
  region size 1024K, 6 young (6144K), 1 survivors (1024K)
 Metaspace       used 14596K, committed 14848K, reserved 1064960K
  class space    used 1409K, committed 1536K, reserved 1048576K
}
Event: 1.455 GC heap after
{Heap after GC invocations=4 (full 0):
 garbage-first heap   total 131072K, used 75969K [0x0000000081e00000, 0x0000000100000000)
  region size 1024K, 1 young (1024K), 1 survivors (1024K)
 Metaspace       used 14596K, committed 14848K, reserved 1064960K
  class space    used 1409K, committed 1536K, reserved 1048576K
}
Event: 1.460 GC heap before
{Heap before GC invocations=4 (full 0):
 garbage-first heap   total 131072K, used 79041K [0x0000000081e00000, 0x0000000100000000)
  region size 1024K, 5 young (5120K), 1 survivors (1024K)
 Metaspace       used 14596K, committed 14848K, reserved 1064960K
  class space    used 1409K, committed 1536K, reserved 1048576K
}
Event: 1.463 GC heap after
{Heap after GC invocations=5 (full 0):
 garbage-first heap   total 131072K, used 75961K [0x0000000081e00000, 0x0000000100000000)
  region size 1024K, 1 young (1024K), 1 survivors (1024K)
 Metaspace       used 14596K, committed 14848K, reserved 1064960K
  class space    used 1409K, committed 1536K, reserved 1048576K
}
Event: 1.893 GC heap before
{Heap before GC invocations=5 (full 0):
 garbage-first heap   total 293888K, used 228537K [0x0000000081e00000, 0x0000000100000000)
  region size 1024K, 36 young (36864K), 1 survivors (1024K)
 Metaspace       used 14596K, committed 14848K, reserved 1064960K
  class space    used 1409K, committed 1536K, reserved 1048576K
}
Event: 1.895 GC heap after
{Heap after GC invocations=6 (full 0):
 garbage-first heap   total 293888K, used 192699K [0x0000000081e00000, 0x0000000100000000)
  region size 1024K, 1 young (1024K), 1 survivors (1024K)
 Metaspace       used 14596K, committed 14848K, reserved 1064960K
  class space    used 1409K, committed 1536K, reserved 1048576K
}
Event: 2.230 GC heap before
{Heap before GC invocations=7 (full 0):
 garbage-first heap   total 411648K, used 377019K [0x0000000081e00000, 0x0000000100000000)
  region size 1024K, 66 young (67584K), 1 survivors (1024K)
 Metaspace       used 14601K, committed 14848K, reserved 1064960K
  class space    used 1411K, committed 1536K, reserved 1048576K
}
Event: 2.233 GC heap after
{Heap after GC invocations=8 (full 0):
 garbage-first heap   total 411648K, used 310461K [0x0000000081e00000, 0x0000000100000000)
  region size 1024K, 1 young (1024K), 1 survivors (1024K)
 Metaspace       used 14601K, committed 14848K, reserved 1064960K
  class space    used 1411K, committed 1536K, reserved 1048576K
}
Event: 2.233 GC heap before
{Heap before GC invocations=8 (full 0):
 garbage-first heap   total 411648K, used 310461K [0x0000000081e00000, 0x0000000100000000)
  region size 1024K, 2 young (2048K), 1 survivors (1024K)
 Metaspace       used 14601K, committed 14848K, reserved 1064960K
  class space    used 1411K, committed 1536K, reserved 1048576K
}
Event: 2.233 GC heap after
{Heap after GC invocations=9 (full 0):
 garbage-first heap   total 411648K, used 310463K [0x0000000081e00000, 0x0000000100000000)
  region size 1024K, 1 young (1024K), 1 survivors (1024K)
 Metaspace       used 14601K, committed 14848K, reserved 1064960K
  class space    used 1411K, committed 1536K, reserved 1048576K
}

