# JRE version: OpenJDK Runtime Environment (16.0.2+7) (build 16.0.2+7-67)
# Java VM: OpenJDK 64-Bit Server VM (16.0.2+7-67, mixed mode, tiered, compressed oops, compressed class ptrs, g1 gc, windows-amd64)
GC Precious Log:
 CPUs: 4 total, 4 available
 Memory: 8070M
 Large Page Support: Disabled
 NUMA Support: Disabled
 Compressed Oops: Enabled (32-bit)
 Heap Region Size: 1M
 Heap Min Capacity: 8M
 Heap Initial Capacity: 128M
 Heap Max Capacity: 2018M
 Pre-touch: Disabled
 Parallel Workers: 4
 Concurrent Workers: 1
 Concurrent Refinement Workers: 4
 Periodic GC: Disabled
Heap:
 garbage-first heap   total 587776K, used 486546K [0x0000000081e00000, 0x0000000100000000)
  region size 1024K, 1 young (1024K), 1 survivors (1024K)
 Metaspace       used 14605K, committed 14848K, reserved 1064960K
  class space    used 1411K, committed 1536K, reserved 1048576K
GC Heap History (17 events):
Event: 1.357 GC heap before
{Heap before GC invocations=0 (full 0):
 garbage-first heap   total 131072K, used 13312K [0x0000000081e00000, 0x0000000100000000)
  region size 1024K, 13 young (13312K), 0 survivors (0K)
 Metaspace       used 14550K, committed 14784K, reserved 1064960K
  class space    used 1409K, committed 1536K, reserved 1048576K
}
Event: 1.365 GC heap after
{Heap after GC invocations=1 (full 0):
 garbage-first heap   total 131072K, used 3165K [0x0000000081e00000, 0x0000000100000000)
  region size 1024K, 2 young (2048K), 2 survivors (2048K)
 Metaspace       used 14550K, committed 14784K, reserved 1064960K
  class space    used 1409K, committed 1536K, reserved 1048576K
}
Event: 1.607 GC heap before
{Heap before GC invocations=1 (full 0):
 garbage-first heap   total 131072K, used 65629K [0x0000000081e00000, 0x0000000100000000)
  region size 1024K, 16 young (16384K), 2 survivors (2048K)
 Metaspace       used 14598K, committed 14848K, reserved 1064960K
  class space    used 1409K, committed 1536K, reserved 1048576K
}
Event: 1.718 GC heap after
{Heap after GC invocations=2 (full 0):
 garbage-first heap   total 131072K, used 52746K [0x0000000081e00000, 0x0000000100000000)
  region size 1024K, 1 young (1024K), 1 survivors (1024K)
 Metaspace       used 14598K, committed 14848K, reserved 1064960K
  class space    used 1409K, committed 1536K, reserved 1048576K
}
Event: 1.727 GC heap before
{Heap before GC invocations=2 (full 0):
 garbage-first heap   total 131072K, used 56842K [0x0000000081e00000, 0x0000000100000000)
  region size 1024K, 6 young (6144K), 1 survivors (1024K)
 Metaspace       used 14600K, committed 14848K, reserved 1064960K
  class space    used 1409K, committed 1536K, reserved 1048576K
}
Event: 1.728 GC heap after
{Heap after GC invocations=3 (full 0):
 garbage-first heap   total 131072K, used 52410K [0x0000000081e00000, 0x0000000100000000)
  region size 1024K, 1 young (1024K), 1 survivors (1024K)
 Metaspace       used 14600K, committed 14848K, reserved 1064960K
  class space    used 1409K, committed 1536K, reserved 1048576K
}
Event: 1.767 GC heap before
{Heap before GC invocations=3 (full 0):
 garbage-first heap   total 131072K, used 81082K [0x0000000081e00000, 0x0000000100000000)
  region size 1024K, 6 young (6144K), 1 survivors (1024K)
 Metaspace       used 14600K, committed 14848K, reserved 1064960K
  class space    used 1409K, committed 1536K, reserved 1048576K
}
Event: 1.769 GC heap after
{Heap after GC invocations=4 (full 0):
 garbage-first heap   total 131072K, used 75920K [0x0000000081e00000, 0x0000000100000000)
  region size 1024K, 1 young (1024K), 1 survivors (1024K)
 Metaspace       used 14600K, committed 14848K, reserved 1064960K
  class space    used 1409K, committed 1536K, reserved 1048576K
}
Event: 1.774 GC heap before
{Heap before GC invocations=4 (full 0):
 garbage-first heap   total 131072K, used 78992K [0x0000000081e00000, 0x0000000100000000)
  region size 1024K, 5 young (5120K), 1 survivors (1024K)
 Metaspace       used 14600K, committed 14848K, reserved 1064960K
  class space    used 1409K, committed 1536K, reserved 1048576K
}
Event: 1.775 GC heap after
{Heap after GC invocations=5 (full 0):
 garbage-first heap   total 131072K, used 75916K [0x0000000081e00000, 0x0000000100000000)
  region size 1024K, 1 young (1024K), 1 survivors (1024K)
 Metaspace       used 14600K, committed 14848K, reserved 1064960K
  class space    used 1409K, committed 1536K, reserved 1048576K
}
Event: 2.187 GC heap before
{Heap before GC invocations=5 (full 0):
 garbage-first heap   total 293888K, used 228492K [0x0000000081e00000, 0x0000000100000000)
  region size 1024K, 36 young (36864K), 1 survivors (1024K)
 Metaspace       used 14600K, committed 14848K, reserved 1064960K
  class space    used 1409K, committed 1536K, reserved 1048576K
}
Event: 2.189 GC heap after
{Heap after GC invocations=6 (full 0):
 garbage-first heap   total 293888K, used 192656K [0x0000000081e00000, 0x0000000100000000)
  region size 1024K, 1 young (1024K), 1 survivors (1024K)
 Metaspace       used 14600K, committed 14848K, reserved 1064960K
  class space    used 1409K, committed 1536K, reserved 1048576K
}
Event: 2.490 GC heap before
{Heap before GC invocations=7 (full 0):
 garbage-first heap   total 411648K, used 376976K [0x0000000081e00000, 0x0000000100000000)
  region size 1024K, 66 young (67584K), 1 survivors (1024K)
 Metaspace       used 14605K, committed 14848K, reserved 1064960K
  class space    used 1411K, committed 1536K, reserved 1048576K
}
Event: 2.492 GC heap after
{Heap after GC invocations=8 (full 0):
 garbage-first heap   total 411648K, used 310418K [0x0000000081e00000, 0x0000000100000000)
  region size 1024K, 1 young (1024K), 1 survivors (1024K)
 Metaspace       used 14605K, committed 14848K, reserved 1064960K
  class space    used 1411K, committed 1536K, reserved 1048576K
}
Event: 2.493 GC heap before
{Heap before GC invocations=8 (full 0):
 garbage-first heap   total 411648K, used 310418K [0x0000000081e00000, 0x0000000100000000)
  region size 1024K, 2 young (2048K), 1 survivors (1024K)
 Metaspace       used 14605K, committed 14848K, reserved 1064960K
  class space    used 1411K, committed 1536K, reserved 1048576K
}
Event: 2.493 GC heap after
{Heap after GC invocations=9 (full 0):
 garbage-first heap   total 411648K, used 310416K [0x0000000081e00000, 0x0000000100000000)
  region size 1024K, 1 young (1024K), 1 survivors (1024K)
 Metaspace       used 14605K, committed 14848K, reserved 1064960K
  class space    used 1411K, committed 1536K, reserved 1048576K
}
Event: 2.933 GC heap before
{Heap before GC invocations=9 (full 0):
 garbage-first heap   total 587776K, used 541840K [0x0000000081e00000, 0x0000000100000000)
  region size 1024K, 55 young (56320K), 1 survivors (1024K)
 Metaspace       used 14605K, committed 14848K, reserved 1064960K
  class space    used 1411K, committed 1536K, reserved 1048576K
}

